<?xml version="1.0" encoding="UTF-8"?>
<!-- Generated by org.testng.reporters.JUnitReportReporter -->
<testsuite hostname="DESKTOP-H3GIJ8P" failures="0" tests="1" name="com.mytestng.TestNGAnnotations" time="13.088" errors="0" timestamp="2020-05-20T08:51:50 EDT" skipped="0">
  <testcase classname="com.mytestng.TestNGAnnotations" name="validLogin" time="13.088"/>
  <system-out/>
</testsuite> <!-- com.mytestng.TestNGAnnotations -->
