<?xml version="1.0" encoding="UTF-8"?>
<!-- Generated by org.testng.reporters.JUnitReportReporter -->
<testsuite hostname="DESKTOP-H3GIJ8P" failures="0" tests="1" name="com.syntax.test.TestNGTest" time="0.010" errors="0" timestamp="2020-05-19T12:03:25 EDT" skipped="0">
  <testcase classname="com.syntax.test.TestNGTest" name="hello" time="0.010"/>
  <system-out/>
</testsuite> <!-- com.syntax.test.TestNGTest -->
