<?xml version="1.0" encoding="UTF-8"?>
<!-- Generated by org.testng.reporters.JUnitReportReporter -->
<testsuite hostname="DESKTOP-H3GIJ8P" failures="0" tests="1" name="com.syntax.test.TestNGTC2" time="6.961" errors="0" timestamp="2020-05-19T15:54:45 EDT" skipped="0">
  <testcase classname="com.syntax.test.TestNGTC2" name="verifyErrorMessage" time="6.961"/>
  <system-out/>
</testsuite> <!-- com.syntax.test.TestNGTC2 -->
